<?xml version="1.0" encoding="UTF-8"?>
<!-- Generated by org.testng.reporters.JUnitXMLReporter -->
<testsuite hostname="Anshul-Jains-Mac-mini.local" name="Default test" tests="1" failures="0" timestamp="17 Feb 2016 11:21:12 GMT" time="0.217" errors="0">
  <testcase name="@BeforeTest anonReservationSetup" time="0.0" classname="test.java.avis.android.Avis_ReserveACar_NewReservations_ContactInfo_CheckUI_Anon">
    <failure type="java.lang.NullPointerException">
      <![CDATA[java.lang.NullPointerException
	at abg.framework.utils.ScriptUtils.getCurrentActivity(ScriptUtils.java:367)
	at abg.framework.utils.NavigationUtils.navigateTo(NavigationUtils.java:13)
	at abg.framework.pages.UserDashboardPage.goTo(UserDashboardPage.java:49)
	at test.java.avis.android.Avis_ReserveACar_NewReservations_ContactInfo_CheckUI_Anon.anonReservationSetup(Avis_ReserveACar_NewReservations_ContactInfo_CheckUI_Anon.java:37)
	at sun.reflect.NativeMethodAccessorImpl.invoke0(Native Method)
	at sun.reflect.NativeMethodAccessorImpl.invoke(NativeMethodAccessorImpl.java:62)
	at sun.reflect.DelegatingMethodAccessorImpl.invoke(DelegatingMethodAccessorImpl.java:43)
	at java.lang.reflect.Method.invoke(Method.java:497)
	at org.testng.internal.MethodInvocationHelper.invokeMethod(MethodInvocationHelper.java:85)
	at org.testng.internal.Invoker.invokeConfigurationMethod(Invoker.java:510)
	at org.testng.internal.Invoker.invokeConfigurations(Invoker.java:211)
	at org.testng.internal.Invoker.invokeConfigurations(Invoker.java:138)
	at org.testng.TestRunner.beforeRun(TestRunner.java:647)
	at org.testng.TestRunner.run(TestRunner.java:615)
	at org.testng.SuiteRunner.runTest(SuiteRunner.java:357)
	at org.testng.SuiteRunner.runSequentially(SuiteRunner.java:352)
	at org.testng.SuiteRunner.privateRun(SuiteRunner.java:310)
	at org.testng.SuiteRunner.run(SuiteRunner.java:259)
	at org.testng.SuiteRunnerWorker.runSuite(SuiteRunnerWorker.java:52)
	at org.testng.SuiteRunnerWorker.run(SuiteRunnerWorker.java:86)
	at org.testng.TestNG.runSuitesSequentially(TestNG.java:1185)
	at org.testng.TestNG.runSuitesLocally(TestNG.java:1110)
	at org.testng.TestNG.run(TestNG.java:1018)
	at org.testng.remote.RemoteTestNG.run(RemoteTestNG.java:111)
	at org.testng.remote.RemoteTestNG.initAndRun(RemoteTestNG.java:204)
	at org.testng.remote.RemoteTestNG.main(RemoteTestNG.java:175)
]]>
    </failure>
  </testcase> <!-- @BeforeTest anonReservationSetup -->
  <testcase name="@BeforeClass startup" time="0.0" classname="test.java.avis.android.Avis_ReserveACar_NewReservations_ContactInfo_CheckUI_Anon">
    <skipped/>
  </testcase> <!-- @BeforeClass startup -->
  <testcase name="@AfterClass shutdown" time="0.0" classname="test.java.avis.android.Avis_ReserveACar_NewReservations_ContactInfo_CheckUI_Anon">
    <skipped/>
  </testcase> <!-- @AfterClass shutdown -->
  <testcase name="execute" time="0.0" classname="test.java.avis.android.Avis_ReserveACar_NewReservations_ContactInfo_CheckUI_Anon">
    <skipped/>
  </testcase> <!-- execute -->
</testsuite> <!-- Default test -->
