<?xml version="1.0" encoding="UTF-8"?>
<!-- Generated by org.testng.reporters.JUnitXMLReporter -->
<testsuite hostname="01hw994550" name="Regression suite" tests="1" failures="0" timestamp="28 Jul 2016 09:23:57 GMT" time="0.026" errors="0">
  <testcase name="@BeforeClass beforeClass" time="0.0" classname="test.java.scripts.TestLoginAddBeneficiary">
    <failure type="java.lang.NullPointerException">
      <![CDATA[java.lang.NullPointerException
	at test.java.Utils.SeleniumDriver.beforeClass(SeleniumDriver.java:28)
... Removed 24 stack frames]]>
    </failure>
  </testcase> <!-- @BeforeClass beforeClass -->
  <testcase name="@AfterMethod afterMethod" time="0.0" classname="test.java.scripts.TestLoginAddBeneficiary">
    <skipped/>
  </testcase> <!-- @AfterMethod afterMethod -->
  <testcase name="@AfterClass afterClass" time="0.0" classname="test.java.scripts.TestLoginAddBeneficiary">
    <skipped/>
  </testcase> <!-- @AfterClass afterClass -->
  <testcase name="execute" time="0.001" classname="test.java.scripts.TestLoginAddBeneficiary">
    <skipped/>
  </testcase> <!-- execute -->
</testsuite> <!-- Regression suite -->
